Command line:
   alu_tb_isim_beh.exe
     -simmode  gui
     -simrunnum  0
     -socket  57312

Sun Nov 25 13:32:37 2018


 Elaboration Time: 0.109201 sec

 Current Memory Usage: 490.373 Meg

 Total Signals          : 20
 Total Nets             : 180
 Total Signal Drivers   : 12
 Total Blocks           : 3
 Total Primitive Blocks : 2
 Total Processes        : 16
 Total Traceable Variables  : 27
 Total Scalar Nets and Variables : 366
Total Line Count : 96

 Total Simulation Time: 0.140402 sec

 Current Memory Usage: 491.422 Meg

Sun Nov 25 13:32:43 2018

